<?xml version="1.0" encoding="UTF-8"?>
<testsuite xmlns:xsi="http://www.w3.org/2001/XMLSchema-instance" xsi:noNamespaceSchemaLocation="https://maven.apache.org/surefire/maven-surefire-plugin/xsd/surefire-test-report.xsd" name="com.dbs.order.service.service.OrderServiceTest" time="0.389" tests="2" errors="0" skipped="0" failures="0">
  <properties>
[...]
</properties>
  <testcase name="testCreateOrder" classname="com.dbs.order.service.service.OrderServiceTest" time="0.077"/>
  <testcase name="testGetOrderInfo" classname="com.dbs.order.service.service.OrderServiceTest" time="0.01"/>
</testsuite>